<?xml version="1.0" encoding="UTF-8"?>
<!-- Generated by org.testng.reporters.JUnitReportReporter -->
<testsuite hostname="DESKTOP-UK94CCL" failures="0" tests="11" name="homePage.myTestcases" time="27.671" errors="0" timestamp="2024-08-27T10:52:05 EET" skipped="0">
  <testcase classname="homePage.myTestcases" name="ExpectedDefaultLange" time="0.125"/>
  <system-out/>
  <testcase classname="homePage.myTestcases" name="CheckdefaultCurrency" time="0.052"/>
  <system-out/>
  <testcase classname="homePage.myTestcases" name="CheckContactNumber" time="0.036"/>
  <system-out/>
  <testcase classname="homePage.myTestcases" name="CheckQitagLogo" time="0.440"/>
  <system-out/>
  <testcase classname="homePage.myTestcases" name="TestHotelTabIsNotSelected" time="0.616"/>
  <system-out/>
  <testcase classname="homePage.myTestcases" name="CheckDepatureDate" time="0.190"/>
  <system-out/>
  <testcase classname="homePage.myTestcases" name="RandomlyChangeTheLanguage" time="1.183"/>
  <system-out/>
  <testcase classname="homePage.myTestcases" name="FillHotelTab" time="1.385"/>
  <system-out/>
  <testcase classname="homePage.myTestcases" name="RandomlySelectTheNumberOfVistor" time="6.552"/>
  <system-out/>
  <testcase classname="homePage.myTestcases" name="CheckThePageFullyLoaded" time="15.234"/>
  <system-out/>
  <testcase classname="homePage.myTestcases" name="SortItemsLowestToHighestPrice" time="1.858"/>
  <system-out/>
</testsuite> <!-- homePage.myTestcases -->
