<?xml version="1.0" encoding="UTF-8"?>
<!-- Generated by org.testng.reporters.JUnitReportReporter -->
<testsuite hostname="DESKTOP-UK94CCL" failures="0" tests="11" name="homePage.myTestcases" time="24.795" errors="0" timestamp="2024-08-26T19:04:26 EET" skipped="0">
  <testcase classname="homePage.myTestcases" name="ExpectedDefaultLange" time="0.094"/>
  <system-out/>
  <testcase classname="homePage.myTestcases" name="CheckdefaultCurrency" time="0.073"/>
  <system-out/>
  <testcase classname="homePage.myTestcases" name="CheckContactNumber" time="0.219"/>
  <system-out/>
  <testcase classname="homePage.myTestcases" name="CheckQitagLogo" time="0.998"/>
  <system-out/>
  <testcase classname="homePage.myTestcases" name="TestHotelTabIsNotSelected" time="0.162"/>
  <system-out/>
  <testcase classname="homePage.myTestcases" name="CheckDepatureDate" time="0.086"/>
  <system-out/>
  <testcase classname="homePage.myTestcases" name="RandomlyChangeTheLanguage" time="1.649"/>
  <system-out/>
  <testcase classname="homePage.myTestcases" name="FillHotelTab" time="1.784"/>
  <system-out/>
  <testcase classname="homePage.myTestcases" name="RandomlySelectTheNumberOfVistor" time="6.874"/>
  <system-out/>
  <testcase classname="homePage.myTestcases" name="CheckThePageFullyLoaded" time="11.548"/>
  <system-out/>
  <testcase classname="homePage.myTestcases" name="SortItemsLowestToHighestPrice" time="1.308"/>
  <system-out/>
</testsuite> <!-- homePage.myTestcases -->
