<?xml version="1.0" encoding="UTF-8"?>
<!-- Generated by org.testng.reporters.JUnitReportReporter -->
<testsuite hostname="DESKTOP-UK94CCL" failures="0" tests="4" name="homePage.myTestcases" time="1.711" errors="0" timestamp="2024-08-22T19:02:24 EET" skipped="0">
  <testcase classname="homePage.myTestcases" name="ExpectedDefaultLange" time="0.072"/>
  <system-out/>
  <testcase classname="homePage.myTestcases" name="CheckdefaultCurrency" time="0.066"/>
  <system-out/>
  <testcase classname="homePage.myTestcases" name="CheckContactNumber" time="0.059"/>
  <system-out/>
  <testcase classname="homePage.myTestcases" name="CheckQitagLogo" time="1.514"/>
  <system-out/>
</testsuite> <!-- homePage.myTestcases -->
